0 info it worked if it ends with ok
1 verbose cli [ '/usr/bin/nodejs', '/usr/bin/npm', 'run', 'lint', '--fix' ]
2 info using npm@3.10.10
3 info using node@v6.11.2
4 verbose run-script [ 'prelint', 'lint', 'postlint' ]
5 info lifecycle express_server@1.0.0~prelint: express_server@1.0.0
6 silly lifecycle express_server@1.0.0~prelint: no script for prelint, continuing
7 info lifecycle express_server@1.0.0~lint: express_server@1.0.0
8 verbose lifecycle express_server@1.0.0~lint: unsafe-perm in lifecycle true
9 verbose lifecycle express_server@1.0.0~lint: PATH: /usr/lib/node_modules/npm/bin/node-gyp-bin:/home/parijat/Downloads/express_server/node_modules/.bin:/home/parijat/bin:/home/parijat/.local/bin:/usr/local/sbin:/usr/local/bin:/usr/sbin:/usr/bin:/sbin:/bin:/usr/games:/usr/local/games:/snap/bin
10 verbose lifecycle express_server@1.0.0~lint: CWD: /home/parijat/Downloads/express_server
11 silly lifecycle express_server@1.0.0~lint: Args: [ '-c', 'eslint api.js' ]
12 silly lifecycle express_server@1.0.0~lint: Returned: code: 1  signal: null
13 info lifecycle express_server@1.0.0~lint: Failed to exec lint script
14 verbose stack Error: express_server@1.0.0 lint: `eslint api.js`
14 verbose stack Exit status 1
14 verbose stack     at EventEmitter.<anonymous> (/usr/lib/node_modules/npm/lib/utils/lifecycle.js:255:16)
14 verbose stack     at emitTwo (events.js:106:13)
14 verbose stack     at EventEmitter.emit (events.js:191:7)
14 verbose stack     at ChildProcess.<anonymous> (/usr/lib/node_modules/npm/lib/utils/spawn.js:40:14)
14 verbose stack     at emitTwo (events.js:106:13)
14 verbose stack     at ChildProcess.emit (events.js:191:7)
14 verbose stack     at maybeClose (internal/child_process.js:891:16)
14 verbose stack     at Process.ChildProcess._handle.onexit (internal/child_process.js:226:5)
15 verbose pkgid express_server@1.0.0
16 verbose cwd /home/parijat/Downloads/express_server
17 error Linux 4.10.0-35-generic
18 error argv "/usr/bin/nodejs" "/usr/bin/npm" "run" "lint" "--fix"
19 error node v6.11.2
20 error npm  v3.10.10
21 error code ELIFECYCLE
22 error express_server@1.0.0 lint: `eslint api.js`
22 error Exit status 1
23 error Failed at the express_server@1.0.0 lint script 'eslint api.js'.
23 error Make sure you have the latest version of node.js and npm installed.
23 error If you do, this is most likely a problem with the express_server package,
23 error not with npm itself.
23 error Tell the author that this fails on your system:
23 error     eslint api.js
23 error You can get information on how to open an issue for this project with:
23 error     npm bugs express_server
23 error Or if that isn't available, you can get their info via:
23 error     npm owner ls express_server
23 error There is likely additional logging output above.
24 verbose exit [ 1, true ]
